/*C72*/SET SCHEMA PUBLIC
alter table leilao_lances drop constraint UK_hhtlrxq5rv6gs0ikhhnhun9ds
alter table leilao_lances add constraint UK_hhtlrxq5rv6gs0ikhhnhun9ds unique (lances_id)
INSERT INTO USUARIO VALUES(3,'Alex')
INSERT INTO LANCE VALUES(1,100.0E0,3,'Alex')
INSERT INTO LEILAO_LANCES VALUES(1,1)
COMMIT
/*C79*/SET SCHEMA PUBLIC
DISCONNECT
/*C81*/SET SCHEMA PUBLIC
DISCONNECT
/*C75*/SET SCHEMA PUBLIC
DISCONNECT
/*C80*/SET SCHEMA PUBLIC
DISCONNECT
/*C73*/SET SCHEMA PUBLIC
DISCONNECT
/*C72*/DISCONNECT
/*C74*/SET SCHEMA PUBLIC
DISCONNECT
/*C78*/SET SCHEMA PUBLIC
DISCONNECT
/*C76*/SET SCHEMA PUBLIC
DISCONNECT
/*C77*/SET SCHEMA PUBLIC
DISCONNECT
